<?xml version="1.0" encoding="UTF-8"?>
<testsuite name="com.github.internal.message.field.ArrayFieldTest" tests="14" skipped="0" failures="0" errors="0" timestamp="2022-10-30T03:11:33" hostname="ronaldsonbellande-hplaptop" time="0.004">
  <properties/>
  <testcase name="testBooleanArrayFieldFixedSize" classname="com.github.internal.message.field.ArrayFieldTest" time="0.001"/>
  <testcase name="testFloatArrayFieldFixedSize" classname="com.github.internal.message.field.ArrayFieldTest" time="0.0"/>
  <testcase name="testBooleanArrayFieldVariableSize" classname="com.github.internal.message.field.ArrayFieldTest" time="0.0"/>
  <testcase name="testIntegerArrayFieldFixedSize" classname="com.github.internal.message.field.ArrayFieldTest" time="0.0"/>
  <testcase name="testDoubleArrayFieldFixedSize" classname="com.github.internal.message.field.ArrayFieldTest" time="0.0"/>
  <testcase name="testLongArrayFieldVariableSize" classname="com.github.internal.message.field.ArrayFieldTest" time="0.0"/>
  <testcase name="testDoubleArrayFieldVariableSize" classname="com.github.internal.message.field.ArrayFieldTest" time="0.0"/>
  <testcase name="testShortArrayFieldVariableSize" classname="com.github.internal.message.field.ArrayFieldTest" time="0.0"/>
  <testcase name="testByteArrayFieldFixedSize" classname="com.github.internal.message.field.ArrayFieldTest" time="0.001"/>
  <testcase name="testIntegerArrayFieldVariableSize" classname="com.github.internal.message.field.ArrayFieldTest" time="0.0"/>
  <testcase name="testShortArrayFieldFixedSize" classname="com.github.internal.message.field.ArrayFieldTest" time="0.0"/>
  <testcase name="testLongArrayFieldFixedSize" classname="com.github.internal.message.field.ArrayFieldTest" time="0.0"/>
  <testcase name="testByteArrayFieldVariableSize" classname="com.github.internal.message.field.ArrayFieldTest" time="0.001"/>
  <testcase name="testFloatArrayFieldVariableSize" classname="com.github.internal.message.field.ArrayFieldTest" time="0.0"/>
  <system-out><![CDATA[]]></system-out>
  <system-err><![CDATA[]]></system-err>
</testsuite>
