<?xml version="1.0" encoding="UTF-8"?>
<testsuite name="com.github.internal.message.MessageTest" tests="10" skipped="0" failures="0" errors="0" timestamp="2022-10-30T03:11:33" hostname="ronaldsonbellande-hplaptop" time="0.013">
  <properties/>
  <testcase name="testConstantString" classname="com.github.internal.message.MessageTest" time="0.001"/>
  <testcase name="testInt8" classname="com.github.internal.message.MessageTest" time="0.001"/>
  <testcase name="testCreateEmptyMessageWithBlankLines" classname="com.github.internal.message.MessageTest" time="0.0"/>
  <testcase name="testNestedMessageList" classname="com.github.internal.message.MessageTest" time="0.003"/>
  <testcase name="testConstantInt8" classname="com.github.internal.message.MessageTest" time="0.0"/>
  <testcase name="testNestedMessage" classname="com.github.internal.message.MessageTest" time="0.001"/>
  <testcase name="testStringWithComments" classname="com.github.internal.message.MessageTest" time="0.001"/>
  <testcase name="testCreateEmptyMessage" classname="com.github.internal.message.MessageTest" time="0.0"/>
  <testcase name="testInt8List" classname="com.github.internal.message.MessageTest" time="0.003"/>
  <testcase name="testString" classname="com.github.internal.message.MessageTest" time="0.002"/>
  <system-out><![CDATA[]]></system-out>
  <system-err><![CDATA[]]></system-err>
</testsuite>
