<?xml version="1.0" encoding="UTF-8"?>
<testsuite name="com.github.internal.message.ServiceTest" tests="1" skipped="0" failures="0" errors="0" timestamp="2022-10-30T03:11:33" hostname="ronaldsonbellande-hplaptop" time="0.042">
  <properties/>
  <testcase name="testCreateEchoService" classname="com.github.internal.message.ServiceTest" time="0.042"/>
  <system-out><![CDATA[]]></system-out>
  <system-err><![CDATA[]]></system-err>
</testsuite>
