<?xml version="1.0" encoding="UTF-8"?>
<testsuite name="com.github.message.DurationTest" tests="4" skipped="0" failures="0" errors="0" timestamp="2022-10-30T03:11:33" hostname="ronaldsonbellande-hplaptop" time="0.001">
  <properties/>
  <testcase name="testComparable" classname="com.github.message.DurationTest" time="0.001"/>
  <testcase name="testNormalize" classname="com.github.message.DurationTest" time="0.0"/>
  <testcase name="testIsZero" classname="com.github.message.DurationTest" time="0.0"/>
  <testcase name="testConstructor" classname="com.github.message.DurationTest" time="0.0"/>
  <system-out><![CDATA[]]></system-out>
  <system-err><![CDATA[]]></system-err>
</testsuite>
